\BOOKMARK [1][-]{section.1}{Introduktion}{}% 1
\BOOKMARK [2][-]{subsection.1.1}{Datalagret}{section.1}% 2
\BOOKMARK [3][-]{subsubsection.1.1.1}{Check_search\(search_word,\040item_\)}{subsection.1.1}% 3
\BOOKMARK [3][-]{subsubsection.1.1.2}{Search_project\(project,\040search_word,\040searchfield\)}{subsection.1.1}% 4
\BOOKMARK [3][-]{subsubsection.1.1.3}{Get_latest_project\(db\)}{subsection.1.1}% 5
\BOOKMARK [1][-]{section.2}{Översikt}{}% 6
\BOOKMARK [2][-]{subsection.2.1}{Översiktsbild}{section.2}% 7
\BOOKMARK [2][-]{subsection.2.2}{startsidan}{section.2}% 8
\BOOKMARK [2][-]{subsection.2.3}{söksidan}{section.2}% 9
\BOOKMARK [2][-]{subsection.2.4}{Projektsida}{section.2}% 10
\BOOKMARK [2][-]{subsection.2.5}{Tekniksidan}{section.2}% 11
\BOOKMARK [2][-]{subsection.2.6}{Filstruktur}{section.2}% 12
\BOOKMARK [1][-]{section.3}{Presentationslagret}{}% 13
\BOOKMARK [2][-]{subsection.3.1}{page_not_found\(error\)}{section.3}% 14
\BOOKMARK [2][-]{subsection.3.2}{index\(\)}{section.3}% 15
\BOOKMARK [2][-]{subsection.3.3}{search\(\)}{section.3}% 16
\BOOKMARK [2][-]{subsection.3.4}{techniques\(\)}{section.3}% 17
\BOOKMARK [2][-]{subsection.3.5}{project\(project_id\)}{section.3}% 18
\BOOKMARK [2][-]{subsection.3.6}{list\(\)}{section.3}% 19
\BOOKMARK [1][-]{section.4}{Felsökning}{}% 20
\BOOKMARK [1][-]{section.5}{Appendix}{}% 21
